2024-12-03 10:25:45 INFO [o.h.o.a.Application                     ] - Starting Application v8.0.0 using Java 21.0.2 with PID 1 (/ors.jar started by ors in /home/ors)
2024-12-03 10:25:45 INFO [o.h.o.a.Application                     ] - The following 1 profile is active: "default"
2024-12-03 10:25:45 INFO [o.h.o.a.ORSEnvironmentPostProcessor     ] - 
2024-12-03 10:25:45 INFO [o.h.o.a.ORSEnvironmentPostProcessor     ] - Configuration lookup started.
2024-12-03 10:25:45 INFO [o.h.o.a.ORSEnvironmentPostProcessor     ] - Configuration file set by environment variable.
2024-12-03 10:25:45 INFO [o.h.o.a.ORSEnvironmentPostProcessor     ] - Loaded file '/home/ors/config/ors-config.yml'
2024-12-03 10:25:45 INFO [o.h.o.a.ORSEnvironmentPostProcessor     ] - Configuration lookup finished.
2024-12-03 10:25:45 INFO [o.h.o.a.ORSEnvironmentPostProcessor     ] - 
2024-12-03 10:25:47 INFO [o.h.o.a.s.l.ORSInitContextListener      ] - Initializing ORS...
2024-12-03 10:25:47 INFO [o.h.o.r.RoutingProfileManager           ] - Total - 1024 MB, Free - 978.90 MB, Max: 2 GB, Used - 45.10 MB
2024-12-03 10:25:47 ERROR [o.h.o.r.RoutingProfileManager           ] - 
2024-12-03 10:25:47 ERROR [o.h.o.r.RoutingProfileManager           ] - No profiles configured. Exiting.
2024-12-03 10:25:47 ERROR [o.h.o.r.RoutingProfileManager           ] - 
2024-12-03 10:25:47 INFO [o.h.o.a.Application                     ] - Started Application in 3.358 seconds (process running for 4.316)
2024-12-03 10:25:47 INFO [o.h.o.a.Application                     ] - openrouteservice {"build_date":"2024-03-21T13:55:54Z","version":"8.0.0"}
2024-12-03 10:25:47 INFO [o.h.o.a.s.l.ORSInitContextListener      ] - Shutting down openrouteservice {"build_date":"2024-03-21T13:55:54Z","version":"8.0.0"} and releasing resources.
2024-12-03 10:33:23 INFO [o.h.o.a.Application                     ] - Starting Application v8.0.0 using Java 21.0.2 with PID 1 (/ors.jar started by ors in /home/ors)
2024-12-03 10:33:23 INFO [o.h.o.a.Application                     ] - The following 1 profile is active: "default"
2024-12-03 10:33:24 INFO [o.h.o.a.ORSEnvironmentPostProcessor     ] - 
2024-12-03 10:33:24 INFO [o.h.o.a.ORSEnvironmentPostProcessor     ] - Configuration lookup started.
2024-12-03 10:33:24 INFO [o.h.o.a.ORSEnvironmentPostProcessor     ] - Configuration file set by environment variable.
2024-12-03 10:33:24 INFO [o.h.o.a.ORSEnvironmentPostProcessor     ] - Loaded file '/home/ors/config/ors-config.yml'
2024-12-03 10:33:24 INFO [o.h.o.a.ORSEnvironmentPostProcessor     ] - Configuration lookup finished.
2024-12-03 10:33:24 INFO [o.h.o.a.ORSEnvironmentPostProcessor     ] - 
2024-12-03 10:33:26 INFO [o.h.o.a.s.l.ORSInitContextListener      ] - Initializing ORS...
2024-12-03 10:33:26 INFO [o.h.o.r.RoutingProfileManager           ] - Total - 1024 MB, Free - 968.78 MB, Max: 2 GB, Used - 55.72 MB
2024-12-03 10:33:26 INFO [o.h.o.r.RoutingProfileManager           ] - ====> Initializing profiles from '' (1 threads) ...
2024-12-03 10:33:26 ERROR [o.h.o.r.RoutingProfileManager           ] - 
2024-12-03 10:33:26 ERROR [o.h.o.r.RoutingProfileManager           ] - Unhandled exception at RoutingProfileManager initialization: Cannot invoke "String.split(String)" because "this.profiles" is null
2024-12-03 10:33:26 ERROR [o.h.o.r.RoutingProfileManager           ] - 
2024-12-03 10:33:26 INFO [o.h.o.a.Application                     ] - Started Application in 3.894 seconds (process running for 5.344)
2024-12-03 10:33:26 INFO [o.h.o.a.Application                     ] - openrouteservice {"build_date":"2024-03-21T13:55:54Z","version":"8.0.0"}
2024-12-03 10:33:26 INFO [o.h.o.a.s.l.ORSInitContextListener      ] - Shutting down openrouteservice {"build_date":"2024-03-21T13:55:54Z","version":"8.0.0"} and releasing resources.
